<?xml version="1.0" encoding="UTF-8"?>
<!-- Generated by org.testng.reporters.JUnitReportReporter -->
<testsuite hostname="DESKTOP-LJ0E6Q8" failures="0" tests="1" name="org.fancode.sdetAssignment.ApiTest" time="5.037" errors="0" timestamp="2024-10-09T08:59:41 GMT-07:00" skipped="0">
  <testcase classname="org.fancode.sdetAssignment.ApiTest" name="testUserToDosCompletion" time="5.037"/>
</testsuite> <!-- org.fancode.sdetAssignment.ApiTest -->
